TN:
SF:src\controllers\auth\login.js
FN:18,(anonymous_0)
FNF:1
FNH:1
FNDA:3,(anonymous_0)
DA:1,1
DA:3,1
DA:5,1
DA:7,1
DA:8,1
DA:18,1
DA:19,3
DA:21,3
DA:22,3
DA:23,1
DA:26,2
DA:27,2
DA:28,2
DA:29,1
DA:32,1
DA:38,1
DA:47,1
LF:17
LH:17
BRDA:22,0,0,1
BRDA:22,0,1,2
BRDA:28,1,0,1
BRDA:28,1,1,1
BRF:4
BRH:4
end_of_record
TN:
SF:src\services\userService.js
FN:19,(anonymous_0)
FN:37,(anonymous_1)
FN:65,(anonymous_2)
FN:87,(anonymous_3)
FN:109,(anonymous_4)
FN:130,(anonymous_5)
FN:159,(anonymous_6)
FN:163,(anonymous_7)
FN:167,(anonymous_8)
FNF:9
FNH:9
FNDA:9,(anonymous_0)
FNDA:4,(anonymous_1)
FNDA:5,(anonymous_2)
FNDA:5,(anonymous_3)
FNDA:5,(anonymous_4)
FNDA:3,(anonymous_5)
FNDA:2,(anonymous_6)
FNDA:2,(anonymous_7)
FNDA:2,(anonymous_8)
DA:1,1
DA:3,1
DA:19,1
DA:20,9
DA:21,2
DA:24,7
DA:37,1
DA:38,4
DA:39,2
DA:42,2
DA:53,2
DA:65,1
DA:66,5
DA:67,2
DA:70,3
DA:71,3
DA:72,2
DA:74,1
DA:87,1
DA:88,5
DA:89,2
DA:92,3
DA:93,3
DA:94,2
DA:96,1
DA:109,1
DA:110,5
DA:111,2
DA:114,3
DA:115,3
DA:117,1
DA:130,1
DA:143,3
DA:145,3
DA:159,1
DA:160,2
DA:163,1
DA:164,2
DA:167,1
DA:168,2
DA:171,1
LF:41
LH:41
BRDA:19,0,0,7
BRDA:20,1,0,2
BRDA:20,1,1,7
BRDA:38,2,0,2
BRDA:38,2,1,2
BRDA:66,3,0,2
BRDA:66,3,1,3
BRDA:72,4,0,1
BRDA:72,4,1,1
BRDA:88,5,0,2
BRDA:88,5,1,3
BRDA:94,6,0,1
BRDA:94,6,1,1
BRDA:110,7,0,2
BRDA:110,7,1,3
BRDA:154,8,0,1
BRDA:154,8,1,2
BRDA:155,9,0,1
BRDA:155,9,1,2
BRF:19
BRH:19
end_of_record
TN:
SF:src\utils\catchAsync.js
FN:16,(anonymous_0)
FN:24,(anonymous_1)
FNF:2
FNH:2
FNDA:3,(anonymous_0)
FNDA:5,(anonymous_1)
DA:16,1
DA:24,3
DA:25,5
DA:29,1
LF:4
LH:4
BRF:0
BRH:0
end_of_record
TN:
SF:src\utils\generateToken.js
FN:18,(anonymous_0)
FNF:1
FNH:1
FNDA:4,(anonymous_0)
DA:1,1
DA:3,1
DA:18,1
DA:19,4
DA:20,1
DA:26,3
DA:27,3
DA:28,1
DA:33,2
DA:34,1
DA:40,1
DA:43,2
DA:46,1
LF:13
LH:13
BRDA:19,0,0,1
BRDA:19,0,1,3
BRDA:27,1,0,1
BRDA:27,1,1,2
BRDA:33,2,0,1
BRDA:33,2,1,1
BRF:6
BRH:6
end_of_record
TN:
SF:src\utils\sessionManagement.js
FN:7,(anonymous_0)
FNF:1
FNH:1
FNDA:3,(anonymous_0)
DA:1,1
DA:2,1
DA:4,1
DA:5,1
DA:7,1
DA:8,3
DA:10,3
DA:18,3
DA:23,3
DA:28,3
DA:37,3
DA:43,3
DA:44,2
DA:47,3
DA:53,2
DA:55,2
DA:58,1
LF:17
LH:17
BRDA:29,0,0,3
BRDA:29,0,1,0
BRDA:43,1,0,2
BRDA:43,1,1,1
BRF:4
BRH:3
end_of_record
