TN:
SF:src\controllers\auth\googleAuthController.js
FN:10,(anonymous_0)
FN:17,(anonymous_1)
FN:21,(anonymous_2)
FNF:3
FNH:3
FNDA:1,(anonymous_0)
FNDA:3,(anonymous_1)
FNDA:3,(anonymous_2)
DA:1,1
DA:3,1
DA:5,1
DA:7,1
DA:8,1
DA:10,1
DA:11,1
DA:17,1
DA:18,3
DA:22,3
DA:23,1
DA:26,2
DA:28,2
DA:29,2
DA:30,2
DA:31,1
DA:46,1
DA:47,1
DA:48,1
DA:49,1
DA:50,1
DA:54,2
DA:56,2
DA:67,1
LF:24
LH:24
BRDA:22,0,0,1
BRDA:22,0,1,2
BRDA:22,1,0,3
BRDA:22,1,1,2
BRDA:30,2,0,1
BRDA:30,2,1,1
BRDA:40,3,0,1
BRDA:40,3,1,0
BRF:8
BRH:7
end_of_record
TN:
SF:src\controllers\auth\login.js
FN:18,(anonymous_0)
FNF:1
FNH:1
FNDA:3,(anonymous_0)
DA:1,1
DA:3,1
DA:5,1
DA:7,1
DA:8,1
DA:18,1
DA:19,3
DA:21,3
DA:22,3
DA:23,1
DA:26,2
DA:27,2
DA:28,2
DA:29,1
DA:32,1
DA:38,1
DA:47,1
LF:17
LH:17
BRDA:22,0,0,1
BRDA:22,0,1,2
BRDA:28,1,0,1
BRDA:28,1,1,1
BRF:4
BRH:4
end_of_record
TN:
SF:src\middlewares\isAuthenticated.js
FN:14,(anonymous_0)
FNF:1
FNH:1
FNDA:8,(anonymous_0)
DA:1,1
DA:3,1
DA:5,1
DA:7,1
DA:8,1
DA:9,1
DA:11,1
DA:12,1
DA:14,1
DA:15,8
DA:18,8
DA:21,8
DA:22,1
DA:25,7
DA:27,7
DA:28,7
DA:30,4
DA:31,3
DA:33,3
DA:38,3
DA:39,3
DA:40,3
DA:45,1
DA:50,2
DA:54,2
DA:55,1
DA:58,1
DA:66,0
DA:71,0
DA:78,0
DA:85,0
DA:87,0
DA:88,0
DA:94,0
DA:97,0
DA:98,0
DA:99,0
DA:101,0
DA:103,1
DA:107,3
DA:111,3
DA:112,1
DA:115,2
DA:119,2
DA:120,1
DA:122,1
DA:127,1
DA:132,1
DA:133,1
DA:134,1
LF:50
LH:39
BRDA:18,0,0,8
BRDA:18,0,1,1
BRDA:21,1,0,1
BRDA:21,1,1,7
BRDA:30,2,0,3
BRDA:30,2,1,1
BRDA:54,3,0,1
BRDA:54,3,1,1
BRDA:79,4,0,0
BRDA:79,4,1,0
BRDA:111,5,0,1
BRDA:111,5,1,2
BRDA:119,6,0,1
BRDA:119,6,1,1
BRF:14
BRH:12
end_of_record
TN:
SF:src\services\userService.js
FN:19,(anonymous_0)
FN:40,(anonymous_1)
FN:59,(anonymous_2)
FN:88,(anonymous_3)
FN:110,(anonymous_4)
FN:132,(anonymous_5)
FN:153,(anonymous_6)
FN:182,(anonymous_7)
FN:186,(anonymous_8)
FN:190,(anonymous_9)
FNF:10
FNH:9
FNDA:9,(anonymous_0)
FNDA:0,(anonymous_1)
FNDA:4,(anonymous_2)
FNDA:5,(anonymous_3)
FNDA:5,(anonymous_4)
FNDA:5,(anonymous_5)
FNDA:3,(anonymous_6)
FNDA:2,(anonymous_7)
FNDA:2,(anonymous_8)
FNDA:2,(anonymous_9)
DA:1,1
DA:3,1
DA:19,1
DA:20,9
DA:21,2
DA:24,7
DA:40,1
DA:46,0
DA:59,1
DA:60,4
DA:61,2
DA:64,2
DA:76,2
DA:88,1
DA:89,5
DA:90,2
DA:93,3
DA:94,3
DA:95,2
DA:97,1
DA:110,1
DA:111,5
DA:112,2
DA:115,3
DA:116,3
DA:117,2
DA:119,1
DA:132,1
DA:133,5
DA:134,2
DA:137,3
DA:138,3
DA:140,1
DA:153,1
DA:166,3
DA:168,3
DA:182,1
DA:183,2
DA:186,1
DA:187,2
DA:190,1
DA:191,2
DA:194,1
LF:43
LH:42
BRDA:19,0,0,7
BRDA:20,1,0,2
BRDA:20,1,1,7
BRDA:44,2,0,0
BRDA:60,3,0,2
BRDA:60,3,1,2
BRDA:89,4,0,2
BRDA:89,4,1,3
BRDA:95,5,0,1
BRDA:95,5,1,1
BRDA:111,6,0,2
BRDA:111,6,1,3
BRDA:117,7,0,1
BRDA:117,7,1,1
BRDA:133,8,0,2
BRDA:133,8,1,3
BRDA:177,9,0,1
BRDA:177,9,1,2
BRDA:178,10,0,1
BRDA:178,10,1,2
BRF:20
BRH:19
end_of_record
TN:
SF:src\utils\catchAsync.js
FN:16,(anonymous_0)
FN:24,(anonymous_1)
FNF:2
FNH:2
FNDA:6,(anonymous_0)
FNDA:19,(anonymous_1)
DA:16,1
DA:24,6
DA:25,19
DA:29,1
LF:4
LH:4
BRF:0
BRH:0
end_of_record
TN:
SF:src\utils\generateToken.js
FN:18,(anonymous_0)
FNF:1
FNH:1
FNDA:4,(anonymous_0)
DA:1,1
DA:3,1
DA:18,1
DA:19,4
DA:20,1
DA:26,3
DA:27,3
DA:28,1
DA:33,2
DA:34,1
DA:40,1
DA:43,2
DA:46,1
LF:13
LH:13
BRDA:19,0,0,1
BRDA:19,0,1,3
BRDA:27,1,0,1
BRDA:27,1,1,2
BRDA:33,2,0,1
BRDA:33,2,1,1
BRF:6
BRH:6
end_of_record
TN:
SF:src\utils\sessionManagement.js
FN:7,(anonymous_0)
FNF:1
FNH:1
FNDA:3,(anonymous_0)
DA:1,1
DA:2,1
DA:4,1
DA:5,1
DA:7,1
DA:8,3
DA:10,3
DA:18,3
DA:23,3
DA:28,3
DA:37,3
DA:43,3
DA:44,2
DA:47,3
DA:53,2
DA:55,2
DA:58,1
LF:17
LH:17
BRDA:29,0,0,3
BRDA:29,0,1,0
BRDA:43,1,0,2
BRDA:43,1,1,1
BRF:4
BRH:3
end_of_record
